[11:36:54] [main/INFO]: Setting user: Player586
[11:36:57] [Client thread/INFO]: LWJGL Version: 2.9.1
[11:37:06] [Client thread/INFO]: Reloading ResourceManager: Default, FMLFileResourcePack:Forge Mod Loader, FMLFileResourcePack:Minecraft Forge, FMLFileResourcePack:Usus, FMLFileResourcePack:CoFH Core, FMLFileResourcePack:Thermal Dynamics, FMLFileResourcePack:Thermal Expansion, FMLFileResourcePack:Thermal Foundation
[11:37:10] [Sound Library Loader/INFO]: Sound engine started
[11:37:15] [Client thread/INFO]: Created: 512x512 textures/blocks-atlas
[11:37:15] [Client thread/INFO]: Created: 512x256 textures/items-atlas
[11:37:19] [Client thread/INFO]: Reloading ResourceManager: Default, FMLFileResourcePack:Forge Mod Loader, FMLFileResourcePack:Minecraft Forge, FMLFileResourcePack:Usus, FMLFileResourcePack:CoFH Core, FMLFileResourcePack:Thermal Dynamics, FMLFileResourcePack:Thermal Expansion, FMLFileResourcePack:Thermal Foundation
[11:37:19] [Client thread/INFO]: Created: 512x512 textures/items-atlas
[11:37:20] [Client thread/INFO]: Created: 512x512 textures/blocks-atlas
[11:37:21] [Sound Library Loader/INFO]: Sound engine started
[11:37:29] [Server thread/INFO]: Starting integrated minecraft server version 1.7.10
[11:37:29] [Server thread/INFO]: Generating keypair
[11:37:30] [Server thread/INFO]: Preparing start region for level 0
[11:37:31] [Server thread/INFO]: Changing view distance to 12, from 10
[11:37:31] [Server thread/INFO]: Player586[local:E:931437d6] logged in with entity id 251 at (712.8137467830143, 4.0, -72.13565613643463)
[11:37:31] [Server thread/INFO]: Player586 joined the game
[11:37:43] [Server thread/INFO]: Player586 has just earned the achievement [Taking Inventory]
[11:37:43] [Client thread/INFO]: [CHAT] Player586 has just earned the achievement [Taking Inventory]
[11:38:45] [Client thread/INFO]: [CHAT] Saved screenshot as 2015-07-11_11.38.45.png
[11:38:51] [Client thread/INFO]: [CHAT] Saved screenshot as 2015-07-11_11.38.51.png
[11:39:00] [Server thread/INFO]: Saving and pausing game...
[11:39:00] [Server thread/INFO]: Saving chunks for level 'Thermal Test World'/Overworld
[11:39:00] [Server thread/INFO]: Saving chunks for level 'Thermal Test World'/Nether
[11:39:00] [Server thread/INFO]: Saving chunks for level 'Thermal Test World'/The End
[11:39:02] [Server thread/INFO]: Stopping server
[11:39:02] [Server thread/INFO]: Saving players
[11:39:02] [Server thread/INFO]: Saving worlds
[11:39:02] [Server thread/INFO]: Saving chunks for level 'Thermal Test World'/Overworld
[11:39:02] [Server thread/INFO]: Saving chunks for level 'Thermal Test World'/Nether
[11:39:02] [Server thread/INFO]: Saving chunks for level 'Thermal Test World'/The End
[11:39:03] [Client thread/INFO]: Stopping!
